0 info it worked if it ends with ok
1 verbose cli [ 'node', '/usr/local/bin/npm', 'start' ]
2 info using npm@2.8.4
3 info using node@v0.12.2
4 verbose run-script [ 'prestart', 'start', 'poststart' ]
5 info prestart gulp_server@0.1.0
6 verbose unsafe-perm in lifecycle true
7 info start gulp_server@0.1.0
8 verbose unsafe-perm in lifecycle true
9 info gulp_server@0.1.0 Failed to exec start script
10 verbose stack Error: gulp_server@0.1.0 start: `gulp --gulpfile .gulp/gulpfile.js --cwd /usr/src/app`
10 verbose stack Exit status 1
10 verbose stack     at EventEmitter.<anonymous> (/usr/local/lib/node_modules/npm/lib/utils/lifecycle.js:213:16)
10 verbose stack     at EventEmitter.emit (events.js:110:17)
10 verbose stack     at ChildProcess.<anonymous> (/usr/local/lib/node_modules/npm/lib/utils/spawn.js:24:14)
10 verbose stack     at ChildProcess.emit (events.js:110:17)
10 verbose stack     at maybeClose (child_process.js:1015:16)
10 verbose stack     at Process.ChildProcess._handle.onexit (child_process.js:1087:5)
11 verbose pkgid gulp_server@0.1.0
12 verbose cwd /usr/src/app/.gulp
13 error Linux 3.13.0-49-generic
14 error argv "node" "/usr/local/bin/npm" "start"
15 error node v0.12.2
16 error npm  v2.8.4
17 error code ELIFECYCLE
18 error gulp_server@0.1.0 start: `gulp --gulpfile .gulp/gulpfile.js --cwd /usr/src/app`
18 error Exit status 1
19 error Failed at the gulp_server@0.1.0 start script 'gulp --gulpfile .gulp/gulpfile.js --cwd /usr/src/app'.
19 error This is most likely a problem with the gulp_server package,
19 error not with npm itself.
19 error Tell the author that this fails on your system:
19 error     gulp --gulpfile .gulp/gulpfile.js --cwd /usr/src/app
19 error You can get their info via:
19 error     npm owner ls gulp_server
19 error There is likely additional logging output above.
20 verbose exit [ 1, true ]
